<?xml version="1.0" encoding="UTF-8"?>
<!-- Generated by org.testng.reporters.JUnitXMLReporter -->
<testsuite ignored="0" hostname="DESKTOP-7ECRDH4" failures="0" tests="3" name="Test" time="7.55" errors="0" timestamp="2023-06-10T19:45:04 IST">
  <testcase classname="com.testautomation.apitesting.tests.DataDrivenTestingUsingCSVFile" name="DataDrivenTesting" time="4.215"/>
  <testcase classname="com.testautomation.apitesting.tests.DataDrivenTestingUsingCSVFile" name="DataDrivenTesting" time="1.61"/>
  <testcase classname="com.testautomation.apitesting.tests.DataDrivenTestingUsingCSVFile" name="DataDrivenTesting" time="1.554"/>
</testsuite> <!-- Test -->
