<?xml version="1.0" encoding="UTF-8"?>
<!-- Generated by org.testng.reporters.JUnitXMLReporter -->
<testsuite ignored="0" hostname="DESKTOP-7ECRDH4" failures="0" tests="3" name="Test" time="10.68" errors="0" timestamp="2023-04-10T21:06:50 IST">
  <testcase classname="com.testautomation.apitesting.tests.DataDrivenTestingUsingCSVFile" name="DataDrivenTesting" time="7.125"/>
  <testcase classname="com.testautomation.apitesting.tests.DataDrivenTestingUsingCSVFile" name="DataDrivenTesting" time="1.702"/>
  <testcase classname="com.testautomation.apitesting.tests.DataDrivenTestingUsingCSVFile" name="DataDrivenTesting" time="1.628"/>
</testsuite> <!-- Test -->
