<?xml version="1.0" encoding="UTF-8"?>
<!-- Generated by org.testng.reporters.JUnitXMLReporter -->
<testsuite ignored="2" hostname="DESKTOP-7ECRDH4" failures="0" tests="1" name="TestName" time="0.248" errors="0" timestamp="2023-06-17T23:36:22 IST">
  <testcase classname="com.testautomation.apitesting.tests.TestRetry" name="e2eAPIRequest3" time="0.051"/>
  <testcase classname="com.testautomation.apitesting.tests.TestRetry" name="e2eAPIRequest" time="0.0">
    <ignored/>
  </testcase> <!-- e2eAPIRequest -->
  <testcase classname="com.testautomation.apitesting.tests.TestRetry" name="e2eAPIRequest2" time="0.0">
    <ignored/>
  </testcase> <!-- e2eAPIRequest2 -->
</testsuite> <!-- TestName -->
