<?xml version="1.0" encoding="UTF-8"?>
<!-- Generated by org.testng.reporters.JUnitXMLReporter -->
<testsuite ignored="0" hostname="DESKTOP-7ECRDH4" failures="0" tests="3" name="Test" time="13.367" errors="0" timestamp="2023-04-09T10:44:51 IST">
  <testcase classname="com.testautomation.apitesting.tests.DataDrivenTestingUsingJsonFile" name="dataDrivenTestingUsingJson" time="7.746"/>
  <testcase classname="com.testautomation.apitesting.tests.DataDrivenTestingUsingJsonFile" name="dataDrivenTestingUsingJson" time="2.818"/>
  <testcase classname="com.testautomation.apitesting.tests.DataDrivenTestingUsingJsonFile" name="dataDrivenTestingUsingJson" time="2.424"/>
</testsuite> <!-- Test -->
