<?xml version="1.0" encoding="UTF-8"?>
<!-- Generated by org.testng.reporters.JUnitXMLReporter -->
<testsuite ignored="0" hostname="DESKTOP-7ECRDH4" failures="0" tests="2" name="Test" time="4.916" errors="0" timestamp="2023-06-07T19:54:37 IST">
  <testcase classname="com.testautomation.apitesting.tests.DataDrivenTestingUsingExcelFile" name="DataDrivenTesting" time="1.782"/>
  <testcase classname="com.testautomation.apitesting.tests.DataDrivenTestingUsingExcelFile" name="DataDrivenTesting" time="1.651"/>
</testsuite> <!-- Test -->
