<?xml version="1.0" encoding="UTF-8"?>
<testng-results skipped="0" failed="0" ignored="0" total="1" passed="1">
  <reporter-output>
  </reporter-output>
  <suite name="Suite" duration-ms="16711" started-at="2023-03-27T20:07:15 IST" finished-at="2023-03-27T20:07:32 IST">
    <groups>
    </groups>
    <test name="Test" duration-ms="16711" started-at="2023-03-27T20:07:15 IST" finished-at="2023-03-27T20:07:32 IST">
      <class name="com.testautomation.apitesting.tests.EndToEndAPITest">
        <test-method status="PASS" signature="beforeMethod()[pri:0, instance:com.testautomation.apitesting.tests.EndToEndAPITest@6d7b4f4c]" name="beforeMethod" is-config="true" duration-ms="535" started-at="2023-03-27T20:07:15 IST" finished-at="2023-03-27T20:07:16 IST">
          <reporter-output>
          </reporter-output>
        </test-method> <!-- beforeMethod -->
        <test-method status="PASS" signature="e2eAPIRequest()[pri:0, instance:com.testautomation.apitesting.tests.EndToEndAPITest@6d7b4f4c]" name="e2eAPIRequest" duration-ms="16116" started-at="2023-03-27T20:07:16 IST" finished-at="2023-03-27T20:07:32 IST">
          <reporter-output>
          </reporter-output>
        </test-method> <!-- e2eAPIRequest -->
      </class> <!-- com.testautomation.apitesting.tests.EndToEndAPITest -->
    </test> <!-- Test -->
  </suite> <!-- Suite -->
</testng-results>
