<?xml version="1.0" encoding="UTF-8"?>
<testng-results ignored="0" total="2" passed="2" failed="0" skipped="0">
  <reporter-output>
  </reporter-output>
  <suite started-at="2023-04-11T21:09:21 IST" name="Data Driven Testing" finished-at="2023-04-11T21:09:29 IST" duration-ms="7902">
    <groups>
    </groups>
    <test started-at="2023-04-11T21:09:21 IST" name="Test" finished-at="2023-04-11T21:09:29 IST" duration-ms="7902">
      <class name="com.testautomation.apitesting.tests.DataDrivenTestingUsingExcelFile">
        <test-method signature="DataDrivenTesting(java.util.Map)[pri:0, instance:com.testautomation.apitesting.tests.DataDrivenTestingUsingExcelFile@3bb9efbc]" started-at="2023-04-11T21:09:22 IST" name="DataDrivenTesting" data-provider="ExcelTestData" finished-at="2023-04-11T21:09:27 IST" duration-ms="4962" status="PASS">
          <params>
            <param index="0">
              <value>
                <![CDATA[{FirstName=api testing by, LastName=testers talk, Run=Yes, TotalPrice=1000}]]>
              </value>
            </param>
          </params>
          <reporter-output>
          </reporter-output>
        </test-method> <!-- DataDrivenTesting -->
        <test-method signature="DataDrivenTesting(java.util.Map)[pri:0, instance:com.testautomation.apitesting.tests.DataDrivenTestingUsingExcelFile@3bb9efbc]" started-at="2023-04-11T21:09:27 IST" name="DataDrivenTesting" data-provider="ExcelTestData" finished-at="2023-04-11T21:09:29 IST" duration-ms="1947" status="PASS">
          <params>
            <param index="0">
              <value>
                <![CDATA[{FirstName=rest assured  by, LastName=testers talk, Run=Yes, TotalPrice=1001}]]>
              </value>
            </param>
          </params>
          <reporter-output>
          </reporter-output>
        </test-method> <!-- DataDrivenTesting -->
      </class> <!-- com.testautomation.apitesting.tests.DataDrivenTestingUsingExcelFile -->
    </test> <!-- Test -->
  </suite> <!-- Data Driven Testing -->
</testng-results>
