<?xml version="1.0" encoding="UTF-8"?>
<!-- Generated by org.testng.reporters.JUnitXMLReporter -->
<testsuite ignored="0" hostname="DESKTOP-7ECRDH4" failures="0" tests="3" name="Test" time="8.48" errors="0" timestamp="2023-06-07T19:44:01 IST">
  <testcase classname="com.testautomation.apitesting.tests.DataDrivenTestingUsingJsonFile" name="DataDrivenTestingUsingJson" time="4.728"/>
  <testcase classname="com.testautomation.apitesting.tests.DataDrivenTestingUsingJsonFile" name="DataDrivenTestingUsingJson" time="1.764"/>
  <testcase classname="com.testautomation.apitesting.tests.DataDrivenTestingUsingJsonFile" name="DataDrivenTestingUsingJson" time="1.714"/>
</testsuite> <!-- Test -->
